De getallen zijn gelijk aan elkaar.
Het eerste getal is groter dan het tweede getal.
De getallen zijn gelijk aan elkaar.
Het eerste getal is groter dan het tweede getal.
Het eerste getal is kleiner dan het tweede getal.
De getallen zijn gelijk aan elkaar.
De getallen zijn gelijk aan elkaar.
Het eerste getal is kleiner dan het tweede getal.
Het eerste getal is groter dan het tweede getal.
De getallen zijn gelijk aan elkaar.
De getallen zijn gelijk aan elkaar.
Het eerste getal is groter dan het tweede getal.
Het eerste getal is kleiner dan het tweede getal.
De getallen zijn gelijk aan elkaar.
Het eerste getal is groter dan het tweede getal.
De getallen zijn gelijk aan elkaar.
Het eerste getal is groter dan het tweede getal.
Het eerste getal is kleiner dan het tweede getal.
Het eerste getal is groter dan het tweede getal.
Het eerste getal is kleiner dan het tweede getal.
De getallen zijn gelijk aan elkaar.
De getallen zijn gelijk aan elkaar.
De getallen zijn gelijk aan elkaar.
Het eerste getal is kleiner dan het tweede getal.
De getallen zijn gelijk aan elkaar.
De getallen zijn gelijk aan elkaar.
Het eerste getal is groter dan het tweede getal.
Het eerste getal is groter dan het tweede getal.
Het eerste getal is groter dan het tweede getal.
Het eerste getal is kleiner dan het tweede getal.
Het eerste getal is groter dan het tweede getal.
Het eerste getal is groter dan het tweede getal.
Het eerste getal is groter dan het tweede getal.
De getallen zijn gelijk aan elkaar.
Het eerste getal is groter dan het tweede getal.
Het eerste getal is groter dan het tweede getal.
Het eerste getal is groter dan het tweede getal.
Het eerste getal is kleiner dan het tweede getal.
Het eerste getal is kleiner dan het tweede getal.
Het eerste getal is groter dan het tweede getal.
De getallen zijn gelijk aan elkaar.
Het eerste getal is kleiner dan het tweede getal.
Het eerste getal is groter dan het tweede getal.
De getallen zijn gelijk aan elkaar.
Het eerste getal is kleiner dan het tweede getal.
De getallen zijn gelijk aan elkaar.
Het eerste getal is kleiner dan het tweede getal.
De getallen zijn gelijk aan elkaar.
Het eerste getal is kleiner dan het tweede getal.
Het eerste getal is kleiner dan het tweede getal.
De getallen zijn gelijk aan elkaar.
De getallen zijn gelijk aan elkaar.
Het eerste getal is kleiner dan het tweede getal.
De getallen zijn gelijk aan elkaar.
De getallen zijn gelijk aan elkaar.
De getallen zijn gelijk aan elkaar.
Het eerste getal is kleiner dan het tweede getal.
Het eerste getal is kleiner dan het tweede getal.
Het eerste getal is kleiner dan het tweede getal.
Het eerste getal is groter dan het tweede getal.
Het eerste getal is groter dan het tweede getal.
De getallen zijn gelijk aan elkaar.
De getallen zijn gelijk aan elkaar.
Het eerste getal is kleiner dan het tweede getal.
De getallen zijn gelijk aan elkaar.
Het eerste getal is groter dan het tweede getal.
Het eerste getal is kleiner dan het tweede getal.
Het eerste getal is kleiner dan het tweede getal.
Het eerste getal is groter dan het tweede getal.
Het eerste getal is groter dan het tweede getal.
De getallen zijn gelijk aan elkaar.
Het eerste getal is groter dan het tweede getal.
Het eerste getal is kleiner dan het tweede getal.
Het eerste getal is groter dan het tweede getal.
De getallen zijn gelijk aan elkaar.
De getallen zijn gelijk aan elkaar.
De getallen zijn gelijk aan elkaar.
Het eerste getal is groter dan het tweede getal.
De getallen zijn gelijk aan elkaar.
De getallen zijn gelijk aan elkaar.
Het eerste getal is kleiner dan het tweede getal.
De getallen zijn gelijk aan elkaar.
De getallen zijn gelijk aan elkaar.
Het eerste getal is groter dan het tweede getal.
Het eerste getal is kleiner dan het tweede getal.
Het eerste getal is groter dan het tweede getal.
Het eerste getal is kleiner dan het tweede getal.
De getallen zijn gelijk aan elkaar.
Het eerste getal is kleiner dan het tweede getal.
Het eerste getal is kleiner dan het tweede getal.
De getallen zijn gelijk aan elkaar.
Het eerste getal is kleiner dan het tweede getal.
Het eerste getal is groter dan het tweede getal.
Het eerste getal is kleiner dan het tweede getal.
De getallen zijn gelijk aan elkaar.
Het eerste getal is groter dan het tweede getal.
Het eerste getal is kleiner dan het tweede getal.
De getallen zijn gelijk aan elkaar.
Het eerste getal is groter dan het tweede getal.
Het eerste getal is kleiner dan het tweede getal.
----------------------------------------
python input without prompt: true
block count: multi
input block size: 2
output block size: 1
blockwise execution: true
continue upon wrong answer: true
