liter heeft 2 klinkers en 3 medeklinkers
bernard heeft 2 klinkers en 5 medeklinkers
geschilderd heeft 3 klinkers en 8 medeklinkers
staten heeft 2 klinkers en 4 medeklinkers
very heeft 1 klinkers en 3 medeklinkers
bepaalde heeft 4 klinkers en 4 medeklinkers
alsook heeft 3 klinkers en 3 medeklinkers
lubbers heeft 2 klinkers en 5 medeklinkers
factoren heeft 3 klinkers en 5 medeklinkers
lokken heeft 2 klinkers en 4 medeklinkers
opbouw heeft 3 klinkers en 3 medeklinkers
boven heeft 2 klinkers en 3 medeklinkers
kredieten heeft 4 klinkers en 5 medeklinkers
poging heeft 2 klinkers en 4 medeklinkers
steunde heeft 3 klinkers en 4 medeklinkers
roularta heeft 4 klinkers en 4 medeklinkers
opties heeft 3 klinkers en 3 medeklinkers
dook heeft 2 klinkers en 2 medeklinkers
bijdrage heeft 3 klinkers en 5 medeklinkers
rijkste heeft 2 klinkers en 5 medeklinkers
sta heeft 1 klinkers en 2 medeklinkers
ten heeft 1 klinkers en 2 medeklinkers
sigaar heeft 3 klinkers en 3 medeklinkers
nvdr heeft 0 klinkers en 4 medeklinkers
lukt heeft 1 klinkers en 3 medeklinkers
flauw heeft 2 klinkers en 3 medeklinkers
klein heeft 2 klinkers en 3 medeklinkers
stanley heeft 2 klinkers en 5 medeklinkers
zwanger heeft 2 klinkers en 5 medeklinkers
verkooppunten heeft 5 klinkers en 8 medeklinkers
breedte heeft 3 klinkers en 4 medeklinkers
beweerde heeft 4 klinkers en 4 medeklinkers
staart heeft 2 klinkers en 4 medeklinkers
aanleg heeft 3 klinkers en 3 medeklinkers
stabiliteit heeft 5 klinkers en 6 medeklinkers
banale heeft 3 klinkers en 3 medeklinkers
iedereen heeft 5 klinkers en 3 medeklinkers
deskundige heeft 4 klinkers en 6 medeklinkers
doorgaans heeft 4 klinkers en 5 medeklinkers
aken heeft 2 klinkers en 2 medeklinkers
versleten heeft 3 klinkers en 6 medeklinkers
geringe heeft 3 klinkers en 4 medeklinkers
stadhuis heeft 3 klinkers en 5 medeklinkers
islamitische heeft 5 klinkers en 7 medeklinkers
leiding heeft 3 klinkers en 4 medeklinkers
overheid heeft 4 klinkers en 4 medeklinkers
ceo heeft 2 klinkers en 1 medeklinkers
was heeft 1 klinkers en 2 medeklinkers
ondermeer heeft 4 klinkers en 5 medeklinkers
referendum heeft 4 klinkers en 6 medeklinkers
familie heeft 4 klinkers en 3 medeklinkers
gebouwen heeft 4 klinkers en 4 medeklinkers
negentien heeft 4 klinkers en 5 medeklinkers
fotografen heeft 4 klinkers en 6 medeklinkers
bedroeg heeft 3 klinkers en 4 medeklinkers
geprijsd heeft 2 klinkers en 6 medeklinkers
vijftien heeft 3 klinkers en 5 medeklinkers
g-bank heeft 1 klinkers en 5 medeklinkers
openbare heeft 4 klinkers en 4 medeklinkers
abstracte heeft 3 klinkers en 6 medeklinkers
vorming heeft 2 klinkers en 5 medeklinkers
inschrijving heeft 3 klinkers en 9 medeklinkers
avec heeft 2 klinkers en 2 medeklinkers
minister-president heeft 6 klinkers en 12 medeklinkers
passeren heeft 3 klinkers en 5 medeklinkers
evenals heeft 3 klinkers en 4 medeklinkers
besturingssysteem heeft 5 klinkers en 12 medeklinkers
graden heeft 2 klinkers en 4 medeklinkers
uitgebracht heeft 4 klinkers en 7 medeklinkers
seizoenen heeft 5 klinkers en 4 medeklinkers
voldoet heeft 3 klinkers en 4 medeklinkers
programma's heeft 3 klinkers en 8 medeklinkers
belang heeft 2 klinkers en 4 medeklinkers
verschenen heeft 3 klinkers en 7 medeklinkers
correct heeft 2 klinkers en 5 medeklinkers
wetgeving heeft 3 klinkers en 6 medeklinkers
recentelijk heeft 4 klinkers en 7 medeklinkers
jazz heeft 1 klinkers en 3 medeklinkers
vormen heeft 2 klinkers en 4 medeklinkers
verdediging heeft 4 klinkers en 7 medeklinkers
eet heeft 2 klinkers en 1 medeklinkers
stuur heeft 2 klinkers en 3 medeklinkers
achtergrond heeft 3 klinkers en 8 medeklinkers
transport heeft 2 klinkers en 7 medeklinkers
black heeft 1 klinkers en 4 medeklinkers
waarom heeft 3 klinkers en 3 medeklinkers
verbetering heeft 4 klinkers en 7 medeklinkers
kanker heeft 2 klinkers en 4 medeklinkers
wel heeft 1 klinkers en 2 medeklinkers
sober heeft 2 klinkers en 3 medeklinkers
redenering heeft 4 klinkers en 6 medeklinkers
alleszins heeft 3 klinkers en 6 medeklinkers
god heeft 1 klinkers en 2 medeklinkers
continu heeft 3 klinkers en 4 medeklinkers
manager heeft 3 klinkers en 4 medeklinkers
organiseert heeft 5 klinkers en 6 medeklinkers
auto-industrie heeft 7 klinkers en 7 medeklinkers
kijkers heeft 2 klinkers en 5 medeklinkers
kwestie heeft 3 klinkers en 4 medeklinkers
rudy heeft 1 klinkers en 3 medeklinkers
