0.61
0.79
0.0
0.95
0.32
3.0
0.71
0.71
1.0
0.98
0.2
5.0
0.1
1.0
0.0
0.67
0.74
0.0
0.8
0.6
1.0
0.39
0.92
0.0
0.71
0.71
1.0
0.2
0.98
0.0
0.45
0.89
0.0
0.99
0.11
9.0
0.24
0.97
0.0
0.1
1.0
0.0
0.45
0.89
0.0
0.64
0.77
0.0
0.71
0.71
1.0
0.83
0.55
1.0
0.95
0.32
3.0
0.32
0.95
0.0
0.49
0.87
0.0
0.94
0.34
2.0
0.56
0.83
0.0
0.88
0.48
1.0
0.68
0.73
0.0
0.71
0.71
1.0
0.41
0.91
0.0
0.31
0.95
0.0
0.84
0.55
1.0
0.98
0.2
4.0
0.64
0.77
0.0
0.83
0.56
1.0
0.61
0.8
0.0
0.88
0.48
1.0
0.85
0.52
1.0
0.89
0.45
1.0
0.62
0.78
0.0
0.84
0.54
1.0
0.83
0.56
1.0
0.73
0.68
1.0
0.12
0.99
0.13
0.83
0.55
1.5
0.62
0.79
0.78
0.63
0.77
0.82
0.46
0.89
0.51
0.74
0.67
1.11
0.14
0.99
0.14
0.93
0.37
2.5
0.77
0.64
1.21
0.09
1.0
0.1
0.15
0.99
0.15
0.85
0.53
1.6
0.91
0.42
2.14
0.65
0.76
0.86
0.99
0.16
6.33
0.18
0.98
0.18
0.72
0.69
1.04
0.3
0.95
0.32
0.99
0.11
8.82
0.55
0.84
0.65
0.93
0.36
2.59
0.86
0.5
1.72
0.92
0.39
2.38
0.98
0.21
4.75
0.71
0.7
1.02
0.99
0.15
6.57
0.92
0.38
2.43
0.04
1.0
0.04
0.3
0.96
0.31
0.98
0.22
4.43
0.7
0.71
0.99
0.01
1.0
0.01
1.0
0.03
35.62
0.06
1.0
0.06
0.99
0.11
9.11
1.0
0.04
23.69
0.93
0.36
2.6
0.98
0.2
4.82
0.39
0.92
0.43
0.15
0.99
0.16
0.64
0.77
0.83
0.71
0.7
1.01
0.7
0.71
0.99
0.94
0.33
2.88
0.44
0.9
0.49
0.58
0.82
0.71
0.99
0.12
8.48
0.16
0.99
0.16
0.26
0.97
0.27
0.61
0.79
0.78
0.59
0.81
0.72
0.59
0.81
0.72
0.88
0.48
1.83
0.7
0.72
0.97
0.99
0.16
6.32
0.5
0.87
0.58
0.95
0.32
2.96
0.37
0.93
0.39
0.62
0.78
0.79
0.88
0.47
1.88
