De woorden veelbelovende en objecten hebben volgende letter(s) gemeenschappelijk: ebon
De woorden dansers en schilderde hebben volgende letter(s) gemeenschappelijk: dser
De woorden inwoner en Volkswagen hebben volgende letter(s) gemeenschappelijk: nwoe
De woorden Bayer en overschot hebben volgende letter(s) gemeenschappelijk: er
De woorden leden en overlast hebben volgende letter(s) gemeenschappelijk: le
De woorden tanks en weerstand hebben volgende letter(s) gemeenschappelijk: tans
De woorden diende en gereduceerd hebben volgende letter(s) gemeenschappelijk: de
De woorden life en aanslag hebben volgende letter(s) gemeenschappelijk: l
De woorden posities en verricht hebben volgende letter(s) gemeenschappelijk: ite
De woorden bereid en Mitterrand hebben volgende letter(s) gemeenschappelijk: erid
De woorden Peter en hals hebben geen enkele letter gemeenschappelijk.
De woorden daden en logisch hebben geen enkele letter gemeenschappelijk.
De woorden Roland en soepel hebben volgende letter(s) gemeenschappelijk: ol
De woorden opbrengen en Mike hebben volgende letter(s) gemeenschappelijk: e
De woorden meeste en keuken hebben volgende letter(s) gemeenschappelijk: e
De woorden kregen en optocht hebben geen enkele letter gemeenschappelijk.
De woorden acteurs en boete hebben volgende letter(s) gemeenschappelijk: te
De woorden parcours en plaatje hebben volgende letter(s) gemeenschappelijk: pa
De woorden hemd en agent hebben volgende letter(s) gemeenschappelijk: e
De woorden mengsel en world hebben volgende letter(s) gemeenschappelijk: l
De woorden Honda en cursus hebben geen enkele letter gemeenschappelijk.
De woorden tevoorschijn en Hallo hebben volgende letter(s) gemeenschappelijk: o
De woorden begrijp en treffen hebben volgende letter(s) gemeenschappelijk: er
De woorden ogen en universiteit hebben volgende letter(s) gemeenschappelijk: en
De woorden aanbrengen en meegemaakt hebben volgende letter(s) gemeenschappelijk: aeg
De woorden spectaculaire en voortdurende hebben volgende letter(s) gemeenschappelijk: etur
De woorden groeiende en Dries hebben volgende letter(s) gemeenschappelijk: rei
De woorden dreiging en Roermondse hebben volgende letter(s) gemeenschappelijk: dren
De woorden aanvaarden en handig hebben volgende letter(s) gemeenschappelijk: and
De woorden opent en kijker hebben volgende letter(s) gemeenschappelijk: e
De woorden Heerlense en plekke hebben volgende letter(s) gemeenschappelijk: el
De woorden York en tij hebben geen enkele letter gemeenschappelijk.
De woorden raar en geeft hebben geen enkele letter gemeenschappelijk.
De woorden pen en all hebben geen enkele letter gemeenschappelijk.
De woorden langere en nationalisme hebben volgende letter(s) gemeenschappelijk: lane
De woorden zones en broek hebben volgende letter(s) gemeenschappelijk: oe
De woorden koelkast en geselecteerde hebben volgende letter(s) gemeenschappelijk: elst
De woorden parlementaire en vrolijke hebben volgende letter(s) gemeenschappelijk: rlei
De woorden woord en subsidies hebben volgende letter(s) gemeenschappelijk: d
De woorden leeuwendeel en statistieken hebben volgende letter(s) gemeenschappelijk: en
De woorden laatste en bedrijven hebben volgende letter(s) gemeenschappelijk: e
De woorden Hugo en vals hebben geen enkele letter gemeenschappelijk.
De woorden vertolking en reiziger hebben volgende letter(s) gemeenschappelijk: erig
De woorden aangelegenheid en diens hebben volgende letter(s) gemeenschappelijk: neid
De woorden Langs en gesofisticeerde hebben volgende letter(s) gemeenschappelijk: gs
De woorden Moslims en stempel hebben volgende letter(s) gemeenschappelijk: slm
De woorden publiceert en thee hebben volgende letter(s) gemeenschappelijk: et
De woorden samenhang en onzin hebben volgende letter(s) gemeenschappelijk: n
De woorden gedood en dirigent hebben volgende letter(s) gemeenschappelijk: ged
De woorden geslagen en voorzichtigheid hebben volgende letter(s) gemeenschappelijk: ge
De woorden bond en daarop hebben volgende letter(s) gemeenschappelijk: od
De woorden felle en daarin hebben geen enkele letter gemeenschappelijk.
De woorden fasen en ideologische hebben volgende letter(s) gemeenschappelijk: se
De woorden vervaldag en faillissementen hebben volgende letter(s) gemeenschappelijk: eal
De woorden Siemens en vies hebben volgende letter(s) gemeenschappelijk: ies
De woorden uitgegeven en renteverschil hebben volgende letter(s) gemeenschappelijk: itevn
De woorden verfijnde en Zuid-Afrikaanse hebben volgende letter(s) gemeenschappelijk: erfind
De woorden hulpverlening en ironie hebben volgende letter(s) gemeenschappelijk: erni
De woorden personeel en bang hebben volgende letter(s) gemeenschappelijk: n
De woorden USD en koken hebben geen enkele letter gemeenschappelijk.
De woorden eer en aangesteld hebben volgende letter(s) gemeenschappelijk: e
De woorden tent en spreek hebben volgende letter(s) gemeenschappelijk: e
De woorden feestdagen en circa hebben volgende letter(s) gemeenschappelijk: a
De woorden verklaard en Wereld hebben volgende letter(s) gemeenschappelijk: erld
De woorden chauffeur en Vorst hebben volgende letter(s) gemeenschappelijk: r
De woorden vakanties en opleiding hebben volgende letter(s) gemeenschappelijk: nie
De woorden gevoed en lonen hebben volgende letter(s) gemeenschappelijk: eo
De woorden Bulgarije en introduceert hebben volgende letter(s) gemeenschappelijk: urie
De woorden welke en waaruit hebben volgende letter(s) gemeenschappelijk: w
De woorden redactie en Oorlog hebben volgende letter(s) gemeenschappelijk: r
De woorden pijnlijke en behandeld hebben volgende letter(s) gemeenschappelijk: nle
De woorden secretaris en eilanden hebben volgende letter(s) gemeenschappelijk: eai
De woorden exporteren en album hebben geen enkele letter gemeenschappelijk.
De woorden dienstverlening en warmte hebben volgende letter(s) gemeenschappelijk: etr
De woorden pop en gehoor hebben volgende letter(s) gemeenschappelijk: o
De woorden zaten en helder hebben volgende letter(s) gemeenschappelijk: e
De woorden honderdduizenden en sprake hebben volgende letter(s) gemeenschappelijk: er
De woorden uitgewezen en langdurige hebben volgende letter(s) gemeenschappelijk: uigen
De woorden verandert en charme hebben volgende letter(s) gemeenschappelijk: era
De woorden enorm en Chicago hebben volgende letter(s) gemeenschappelijk: o
De woorden Belgique en verregaande hebben volgende letter(s) gemeenschappelijk: eg
De woorden processen en professoren hebben volgende letter(s) gemeenschappelijk: proesn
De woorden realisatie en Eddy hebben geen enkele letter gemeenschappelijk.
De woorden klim en Koningin hebben volgende letter(s) gemeenschappelijk: i
De woorden Willy en stations hebben volgende letter(s) gemeenschappelijk: i
De woorden noten en lachen hebben volgende letter(s) gemeenschappelijk: ne
De woorden lenen en Economist hebben volgende letter(s) gemeenschappelijk: n
De woorden meldt en Oracle hebben volgende letter(s) gemeenschappelijk: el
De woorden uitspraak en onbekende hebben volgende letter(s) gemeenschappelijk: k
De woorden officieren en eveneens hebben volgende letter(s) gemeenschappelijk: en
De woorden looptijden en stevig hebben volgende letter(s) gemeenschappelijk: tie
De woorden steekt en aansluiting hebben volgende letter(s) gemeenschappelijk: st
De woorden bezetting en baseert hebben volgende letter(s) gemeenschappelijk: bet
De woorden Algerijnse en bladzijde hebben volgende letter(s) gemeenschappelijk: leij
De woorden collecties en verbeterde hebben volgende letter(s) gemeenschappelijk: et
De woorden them en kruiden hebben volgende letter(s) gemeenschappelijk: e
De woorden koffie en place hebben volgende letter(s) gemeenschappelijk: e
De woorden beletten en tekst hebben volgende letter(s) gemeenschappelijk: et
De woorden FRF en vzw hebben geen enkele letter gemeenschappelijk.
De woorden identificeren en aangeraden hebben volgende letter(s) gemeenschappelijk: denr
