C
190
A
129.5
C
235
A
134.6
C
210
A
129.5
B
47.25
A
78.5
C
185
A
73.4
B
47.25
C
250
C
170
C
205
C
220
C
170
C
200
B
21.0
A
139.7
C
200
C
165
B
36.75
B
10.5
C
245
A
124.4
C
195
C
235
A
83.6
B
63.0
C
245
A
78.5
C
255
A
124.4
B
47.25
B
15.75
C
170
A
83.6
A
98.9
A
83.6
A
134.6
C
245
B
63.0
A
124.4
C
165
A
98.9
C
170
C
180
A
88.7
A
139.7
B
21.0
C
215
C
160
A
98.9
A
93.8
C
195
A
104.0
A
114.2
C
190
C
250
A
129.5
C
245
C
235
A
93.8
A
73.4
C
195
A
73.4
C
160
C
240
B
68.25
A
134.6
B
36.75
C
225
C
215
C
220
A
78.5
C
165
A
104.0
A
98.9
B
31.5
C
175
B
68.25
B
10.5
A
114.2
C
160
B
5.25
C
170
C
230
A
109.1
C
255
C
250
C
240
C
170
B
21.0
B
31.5
B
10.5
A
139.7
A
83.6
C
190
B
10.5
C
200
