14 22
25 14
23 15
17 21
30 15
24 20
15 16
30 13
22 6
31 13
28 0
24 4
29 19
24 22
11 8
30 1
27 22
20 15
27 14
24 19
11 15
25 6
31 0
11 12
14 13
30 17
18 16
20 3
14 0
9 17
24 2
31 21
9 15
30 13
24 11
30 12
23 3
15 18
26 10
27 9
8 4
7 19
29 3
26 17
28 22
26 20
23 10
22 13
19 14
16 6
30 19
25 16
28 2
21 5
19 22
23 5
22 18
28 23
11 20
27 11
29 16
28 5
28 6
31 3
19 13
18 12
17 22
25 11
26 22
16 16
8 8
26 21
27 6
24 21
27 8
20 6
29 23
29 2
22 15
28 15
28 5
30 18
31 13
22 15
24 0
22 1
19 8
26 6
30 20
25 11
31 10
23 1
18 2
31 2
20 4
30 18
8 15
23 18
13 0
26 7
