0 0 1 0 0 0
0 0 0 0 1 0
0 0 0 0 1 1
0 0 0 0 0 1
0 0 0 1 0 0
0 0 0 1 2 0
0 0 0 1 0 1
0 0 0 1 1 0
0 0 0 1 0 0
0 0 0 0 1 0
0 1 1 0 1 1
1 0 1 1 2 0
1 1 1 1 0 1
0 1 1 1 0 0
0 1 1 0 1 1
1 1 1 1 1 0
1 0 1 0 2 0
1 0 0 1 1 0
0 0 1 0 1 0
0 0 1 1 0 1
0 0 1 0 0 1
1 1 0 0 0 1
1 0 0 0 2 0
0 1 1 0 1 0
0 1 1 0 1 0
1 1 0 0 1 1
1 1 1 1 1 1
0 2 0 0 1 1
1 1 0 1 1 0
1 0 0 0 2 0
11 1 1 0 1 1
12 1 0 1 1 0
13 0 1 1 1 0
14 0 0 0 0 0
14 1 1 0 0 1
14 1 1 0 1 0
8 1 1 0 0 1
10 2 0 0 2 0
17 1 0 1 1 0
9 1 1 0 1 1
11 0 0 0 1 1
4 0 1 0 0 0
18 2 0 1 2 0
19 1 0 0 1 1
3 1 0 0 1 1
12 0 1 0 0 1
2 2 0 0 0 0
4 0 1 0 1 0
9 1 1 0 0 1
12 0 1 1 2 0
14 1 1 0 0 1
7 0 0 1 0 0
18 0 0 0 1 0
7 0 1 0 2 0
4 1 1 0 2 0
3 2 0 1 0 0
11 0 1 0 0 0
13 1 1 1 0 0
16 0 1 0 0 1
15 1 1 1 0 0
179 1 0 0 0 1
129 1 0 0 1 0
75 2 0 0 0 1
41 1 0 1 2 0
80 2 0 0 2 0
192 2 0 0 1 0
164 1 1 1 0 0
64 2 0 1 1 1
59 0 1 1 2 0
138 0 1 1 1 0
138 1 0 1 1 1
182 1 0 1 0 1
28 1 0 1 0 1
170 2 0 0 1 0
93 1 0 0 1 1
32 0 1 0 2 0
121 0 1 0 0 1
128 1 0 0 0 0
117 2 0 0 2 0
31 2 0 1 1 1
142 0 0 0 1 1
129 2 0 0 0 1
148 2 0 0 2 0
27 2 0 0 0 1
32 0 1 1 1 0
180 1 1 1 0 1
55 2 0 1 1 0
47 0 0 1 2 0
99 0 0 0 0 1
142 1 1 0 2 0
38 1 0 0 1 0
161 0 0 1 2 0
174 0 0 1 0 1
163 1 0 0 1 1
43 2 0 1 0 0
140 0 0 0 0 0
49 0 1 1 1 0
147 1 0 1 1 0
103 2 0 1 1 1
101 0 1 1 1 1
